This is pdfTeX, Version 3.14159265-2.6-1.40.19 (MiKTeX 2.9.6840 64-bit) (preloaded format=pdflatex 2018.10.9)  10 DEC 2018 10:00
entering extended mode
**./rapport.tex
(rapport.tex
LaTeX2e <2018-04-01> patch level 5
(report-rd-info.cls
Document Class: report-rd-info 2015/02/09 report-rd-info version 2.8
(c) 2008-2015 Jos\'e Martinez, \'Ecole polytechnique de l'universit\'e de Nante
s
 
\rese@rchlevel=\count80

("C:\Users\BOUILLETEAU\AppData\Local\Programs\MiKTeX 2.9\tex\latex\base\report.
cls"
Document Class: report 2014/09/29 v1.4h Standard LaTeX document class

("C:\Users\BOUILLETEAU\AppData\Local\Programs\MiKTeX 2.9\tex\latex\base\size11.
clo"
File: size11.clo 2014/09/29 v1.4h Standard LaTeX file (size option)
)
\c@part=\count81
\c@chapter=\count82
\c@section=\count83
\c@subsection=\count84
\c@subsubsection=\count85
\c@paragraph=\count86
\c@subparagraph=\count87
\c@figure=\count88
\c@table=\count89
\abovecaptionskip=\skip41
\belowcaptionskip=\skip42
\bibindent=\dimen102
)
("C:\Users\BOUILLETEAU\AppData\Local\Programs\MiKTeX 2.9\tex\latex\xcolor\xcolo
r.sty"
Package: xcolor 2016/05/11 v2.12 LaTeX color extensions (UK)

("C:\Users\BOUILLETEAU\AppData\Local\Programs\MiKTeX 2.9\tex\latex\graphics-cfg
\color.cfg"
File: color.cfg 2016/01/02 v1.6 sample color configuration
)
Package xcolor Info: Driver file: pdftex.def on input line 225.

("C:\Users\BOUILLETEAU\AppData\Local\Programs\MiKTeX 2.9\tex\latex\graphics-def
\pdftex.def"
File: pdftex.def 2018/01/08 v1.0l Graphics/color driver for pdftex
)
Package xcolor Info: Model `cmy' substituted by `cmy0' on input line 1348.
Package xcolor Info: Model `hsb' substituted by `rgb' on input line 1352.
Package xcolor Info: Model `RGB' extended on input line 1364.
Package xcolor Info: Model `HTML' substituted by `rgb' on input line 1366.
Package xcolor Info: Model `Hsb' substituted by `hsb' on input line 1367.
Package xcolor Info: Model `tHsb' substituted by `hsb' on input line 1368.
Package xcolor Info: Model `HSB' substituted by `hsb' on input line 1369.
Package xcolor Info: Model `Gray' substituted by `gray' on input line 1370.
Package xcolor Info: Model `wave' substituted by `hsb' on input line 1371.
)
("C:\Users\BOUILLETEAU\AppData\Local\Programs\MiKTeX 2.9\tex\latex\graphics\gra
phicx.sty"
Package: graphicx 2017/06/01 v1.1a Enhanced LaTeX Graphics (DPC,SPQR)

("C:\Users\BOUILLETEAU\AppData\Local\Programs\MiKTeX 2.9\tex\latex\graphics\key
val.sty"
Package: keyval 2014/10/28 v1.15 key=value parser (DPC)
\KV@toks@=\toks14
)
("C:\Users\BOUILLETEAU\AppData\Local\Programs\MiKTeX 2.9\tex\latex\graphics\gra
phics.sty"
Package: graphics 2017/06/25 v1.2c Standard LaTeX Graphics (DPC,SPQR)

("C:\Users\BOUILLETEAU\AppData\Local\Programs\MiKTeX 2.9\tex\latex\graphics\tri
g.sty"
Package: trig 2016/01/03 v1.10 sin cos tan (DPC)
)
("C:\Users\BOUILLETEAU\AppData\Local\Programs\MiKTeX 2.9\tex\latex\graphics-cfg
\graphics.cfg"
File: graphics.cfg 2016/06/04 v1.11 sample graphics configuration
)
Package graphics Info: Driver file: pdftex.def on input line 99.
)
\Gin@req@height=\dimen103
\Gin@req@width=\dimen104
)
("C:\Users\BOUILLETEAU\AppData\Local\Programs\MiKTeX 2.9\tex\latex\psnfss\times
.sty"
Package: times 2005/04/12 PSNFSS-v9.2a (SPQR) 
)
("C:\Users\BOUILLETEAU\AppData\Local\Programs\MiKTeX 2.9\tex\latex\geometry\geo
metry.sty"
Package: geometry 2018/04/16 v5.8 Page Geometry

("C:\Users\BOUILLETEAU\AppData\Local\Programs\MiKTeX 2.9\tex\generic\oberdiek\i
fpdf.sty"
Package: ifpdf 2018/09/07 v3.3 Provides the ifpdf switch
)
("C:\Users\BOUILLETEAU\AppData\Local\Programs\MiKTeX 2.9\tex\generic\oberdiek\i
fvtex.sty"
Package: ifvtex 2016/05/16 v1.6 Detect VTeX and its facilities (HO)
Package ifvtex Info: VTeX not detected.
)
("C:\Users\BOUILLETEAU\AppData\Local\Programs\MiKTeX 2.9\tex\generic\ifxetex\if
xetex.sty"
Package: ifxetex 2010/09/12 v0.6 Provides ifxetex conditional
)
\Gm@cnth=\count90
\Gm@cntv=\count91
\c@Gm@tempcnt=\count92
\Gm@bindingoffset=\dimen105
\Gm@wd@mp=\dimen106
\Gm@odd@mp=\dimen107
\Gm@even@mp=\dimen108
\Gm@layoutwidth=\dimen109
\Gm@layoutheight=\dimen110
\Gm@layouthoffset=\dimen111
\Gm@layoutvoffset=\dimen112
\Gm@dimlist=\toks15

("C:\Users\BOUILLETEAU\AppData\Local\Programs\MiKTeX 2.9\tex\latex\geometry\geo
metry.cfg"))
("C:\Users\BOUILLETEAU\AppData\Local\Programs\MiKTeX 2.9\tex\latex\base\ifthen.
sty"
Package: ifthen 2014/09/29 v1.1c Standard LaTeX ifthen package (DPC)
)
("C:\Users\BOUILLETEAU\AppData\Local\Programs\MiKTeX 2.9\tex\latex\hyperref\hyp
erref.sty"
Package: hyperref 2018/09/30 v6.88a Hypertext links for LaTeX

("C:\Users\BOUILLETEAU\AppData\Local\Programs\MiKTeX 2.9\tex\generic\oberdiek\h
obsub-hyperref.sty"
Package: hobsub-hyperref 2016/05/16 v1.14 Bundle oberdiek, subset hyperref (HO)


("C:\Users\BOUILLETEAU\AppData\Local\Programs\MiKTeX 2.9\tex\generic\oberdiek\h
obsub-generic.sty"
Package: hobsub-generic 2016/05/16 v1.14 Bundle oberdiek, subset generic (HO)
Package: hobsub 2016/05/16 v1.14 Construct package bundles (HO)
Package: infwarerr 2016/05/16 v1.4 Providing info/warning/error messages (HO)
Package: ltxcmds 2016/05/16 v1.23 LaTeX kernel commands for general use (HO)
Package: ifluatex 2016/05/16 v1.4 Provides the ifluatex switch (HO)
Package ifluatex Info: LuaTeX not detected.
Package hobsub Info: Skipping package `ifvtex' (already loaded).
Package: intcalc 2016/05/16 v1.2 Expandable calculations with integers (HO)
Package hobsub Info: Skipping package `ifpdf' (already loaded).
Package: etexcmds 2016/05/16 v1.6 Avoid name clashes with e-TeX commands (HO)
Package etexcmds Info: Could not find \expanded.
(etexcmds)             That can mean that you are not using pdfTeX 1.50 or
(etexcmds)             that some package has redefined \expanded.
(etexcmds)             In the latter case, load this package earlier.
Package: kvsetkeys 2016/05/16 v1.17 Key value parser (HO)
Package: kvdefinekeys 2016/05/16 v1.4 Define keys (HO)
Package: pdftexcmds 2018/09/10 v0.29 Utility functions of pdfTeX for LuaTeX (HO
)
Package pdftexcmds Info: LuaTeX not detected.
Package pdftexcmds Info: \pdf@primitive is available.
Package pdftexcmds Info: \pdf@ifprimitive is available.
Package pdftexcmds Info: \pdfdraftmode found.
Package: pdfescape 2016/05/16 v1.14 Implements pdfTeX's escape features (HO)
Package: bigintcalc 2016/05/16 v1.4 Expandable calculations on big integers (HO
)
Package: bitset 2016/05/16 v1.2 Handle bit-vector datatype (HO)
Package: uniquecounter 2016/05/16 v1.3 Provide unlimited unique counter (HO)
)
Package hobsub Info: Skipping package `hobsub' (already loaded).
Package: letltxmacro 2016/05/16 v1.5 Let assignment for LaTeX macros (HO)
Package: hopatch 2016/05/16 v1.3 Wrapper for package hooks (HO)
Package: xcolor-patch 2016/05/16 xcolor patch
Package: atveryend 2016/05/16 v1.9 Hooks at the very end of document (HO)
Package atveryend Info: \enddocument detected (standard20110627).
Package: atbegshi 2016/06/09 v1.18 At begin shipout hook (HO)
Package: refcount 2016/05/16 v3.5 Data extraction from label references (HO)
Package: hycolor 2016/05/16 v1.8 Color options for hyperref/bookmark (HO)
)
("C:\Users\BOUILLETEAU\AppData\Local\Programs\MiKTeX 2.9\tex\latex\oberdiek\aux
hook.sty"
Package: auxhook 2016/05/16 v1.4 Hooks for auxiliary files (HO)
)
("C:\Users\BOUILLETEAU\AppData\Local\Programs\MiKTeX 2.9\tex\latex\oberdiek\kvo
ptions.sty"
Package: kvoptions 2016/05/16 v3.12 Key value format for package options (HO)
)
\@linkdim=\dimen113
\Hy@linkcounter=\count93
\Hy@pagecounter=\count94

("C:\Users\BOUILLETEAU\AppData\Local\Programs\MiKTeX 2.9\tex\latex\hyperref\pd1
enc.def"
File: pd1enc.def 2018/09/30 v6.88a Hyperref: PDFDocEncoding definition (HO)
Now handling font encoding PD1 ...
... no UTF-8 mapping file for font encoding PD1
)
\Hy@SavedSpaceFactor=\count95

("C:\Users\BOUILLETEAU\AppData\Local\Programs\MiKTeX 2.9\tex\latex\00miktex\hyp
erref.cfg"
File: hyperref.cfg 2002/06/06 v1.2 hyperref configuration of TeXLive
)
Package hyperref Info: Option `bookmarks' set `true' on input line 4409.
Package hyperref Info: Option `colorlinks' set `true' on input line 4409.
Package hyperref Info: Option `hyperfigures' set `true' on input line 4409.
Package hyperref Info: Option `breaklinks' set `true' on input line 4409.
Package hyperref Info: Option `bookmarksopen' set `true' on input line 4409.
Package hyperref Info: Hyper figures ON on input line 4533.
Package hyperref Info: Link nesting OFF on input line 4540.
Package hyperref Info: Hyper index ON on input line 4543.
Package hyperref Info: Plain pages OFF on input line 4550.
Package hyperref Info: Backreferencing ON on input line 4553.
Package hyperref Info: Implicit mode ON; LaTeX internals redefined.
Package hyperref Info: Bookmarks ON on input line 4788.

("C:\Users\BOUILLETEAU\AppData\Local\Programs\MiKTeX 2.9\tex\latex\hyperref\bac
kref.sty"
Package: backref 2016/05/21 v1.39 Bibliographical back referencing

("C:\Users\BOUILLETEAU\AppData\Local\Programs\MiKTeX 2.9\tex\latex\oberdiek\rer
unfilecheck.sty"
Package: rerunfilecheck 2016/05/16 v1.8 Rerun checks for auxiliary files (HO)
Package uniquecounter Info: New unique counter `rerunfilecheck' on input line 2
82.
))
\c@Hy@tempcnt=\count96

("C:\Users\BOUILLETEAU\AppData\Local\Programs\MiKTeX 2.9\tex\latex\url\url.sty"
\Urlmuskip=\muskip10
Package: url 2013/09/16  ver 3.4  Verb mode for urls, etc.
)
LaTeX Info: Redefining \url on input line 5141.
\XeTeXLinkMargin=\dimen114
\Fld@menulength=\count97
\Field@Width=\dimen115
\Fld@charsize=\dimen116
Package hyperref Info: Hyper figures ON on input line 6394.
Package hyperref Info: Link nesting OFF on input line 6401.
Package hyperref Info: Hyper index ON on input line 6404.
Package hyperref Info: backreferencing ON on input line 6409.
Package hyperref Info: Link coloring ON on input line 6414.
Package hyperref Info: Link coloring with OCG OFF on input line 6421.
Package hyperref Info: PDF/A mode OFF on input line 6426.
LaTeX Info: Redefining \ref on input line 6466.
LaTeX Info: Redefining \pageref on input line 6470.
\Hy@abspage=\count98
\c@Item=\count99
\c@Hfootnote=\count100
)
Package hyperref Info: Driver (autodetected): hpdftex.

("C:\Users\BOUILLETEAU\AppData\Local\Programs\MiKTeX 2.9\tex\latex\hyperref\hpd
ftex.def"
File: hpdftex.def 2018/09/30 v6.88a Hyperref driver for pdfTeX
\Fld@listcount=\count101
\c@bookmark@seq@number=\count102
\Hy@SectionHShift=\skip43
)
("C:\Users\BOUILLETEAU\AppData\Local\Programs\MiKTeX 2.9\tex\generic\babel\babe
l.sty"
Package: babel 2018/10/03 3.25 The Babel package

("C:\Users\BOUILLETEAU\AppData\Local\Programs\MiKTeX 2.9\tex\generic\babel\swit
ch.def"
File: switch.def 2018/10/03 3.25 Babel switching mechanism
)
*************************************
* Local config file bblopts.cfg used
*

("C:\Users\BOUILLETEAU\AppData\Local\Programs\MiKTeX 2.9\tex\latex\arabi\bblopt
s.cfg"
File: bblopts.cfg 2005/09/08 v0.1 add Arabic and Farsi to "declared" options of
 babel
)
("C:\Users\BOUILLETEAU\AppData\Local\Programs\MiKTeX 2.9\tex\generic\babel-fren
ch\french.ldf"
Language: french 2018/09/14 v3.5c French support from the babel system

("C:\Users\BOUILLETEAU\AppData\Local\Programs\MiKTeX 2.9\tex\generic\babel\babe
l.def"
File: babel.def 2018/10/03 3.25 Babel common definitions
\babel@savecnt=\count103
\U@D=\dimen117

("C:\Users\BOUILLETEAU\AppData\Local\Programs\MiKTeX 2.9\tex\generic\babel\txtb
abel.def")
\bbl@dirlevel=\count104
)
\l@acadian = a dialect from \language\l@french 
\FB@nonchar=\count105
Package babel Info: Making : an active character on input line 414.
Package babel Info: Making ; an active character on input line 415.
Package babel Info: Making ! an active character on input line 416.
Package babel Info: Making ? an active character on input line 417.
\FBguill@level=\count106
\FBold@everypar=\toks16
\FB@Mht=\dimen118
\mc@charclass=\count107
\mc@charfam=\count108
\mc@charslot=\count109
\std@mcc=\count110
\dec@mcc=\count111
\c@FBcaption@count=\count112
\listindentFB=\dimen119
\descindentFB=\dimen120
\labelindentFB=\dimen121
\labelwidthFB=\dimen122
\leftmarginFB=\dimen123
\parindentFFN=\dimen124
\FBfnindent=\dimen125
)
("C:\Users\BOUILLETEAU\AppData\Local\Programs\MiKTeX 2.9\tex\latex\babel-englis
h\english.ldf"
Language: english 2017/06/06 v3.3r English support from the babel system
\l@canadian = a dialect from \language\l@american 
\l@australian = a dialect from \language\l@british 
\l@newzealand = a dialect from \language\l@british 
)

Package babel Warning: Last declared language option is `french',
(babel)                but the last processed one was `english'.
(babel)                The main language cannot be set as both a global
(babel)                and a package option. Use `main=french' as
(babel)                option. Reported on input line 474.

)
("C:\Users\BOUILLETEAU\AppData\Local\Programs\MiKTeX 2.9\tex\latex\carlisle\sca
lefnt.sty")
("C:\Users\BOUILLETEAU\AppData\Local\Programs\MiKTeX 2.9\tex\latex\multirow\mul
tirow.sty"
Package: multirow 2018/08/03 v2.3 Span multiple rows of a table
\multirow@colwidth=\skip44
\multirow@cntb=\count113
\multirow@dima=\skip45
\bigstrutjot=\dimen126
)
("C:\Users\BOUILLETEAU\AppData\Local\Programs\MiKTeX 2.9\tex\latex\tools\calc.s
ty"
Package: calc 2017/05/25 v4.3 Infix arithmetic (KKT,FJ)
\calc@Acount=\count114
\calc@Bcount=\count115
\calc@Adimen=\dimen127
\calc@Bdimen=\dimen128
\calc@Askip=\skip46
\calc@Bskip=\skip47
LaTeX Info: Redefining \setlength on input line 80.
LaTeX Info: Redefining \addtolength on input line 81.
\calc@Ccount=\count116
\calc@Cskip=\skip48
)
\@abstractBox=\box26
\@abstractBoxGlobal=\box27
\@classificationBox=\box28
\@classificationBoxGlobal=\box29
\c@sem@ine=\count117
\c@incrementb@sheures=\count118
\c@incrementb@sminutes=\count119
\c@incrementh@utheures=\count120
\c@incrementh@utminutes=\count121
\c@b@sheures=\count122
\c@b@sminutes=\count123
\c@h@utheures=\count124
\c@h@utminutes=\count125
\c@accumulateurheuresA=\count126
\c@accumulateurminutesA=\count127
\c@accumulateurheuresB=\count128
\c@accumulateurminutesB=\count129
\c@ratioAbas=\count130
\c@ratioBbas=\count131
\c@ratioAhaut=\count132
\c@ratioBhaut=\count133
\summaryfile=\write3
\openout3 = `report-rd-summary.tex'.

)
("C:\Users\BOUILLETEAU\AppData\Local\Programs\MiKTeX 2.9\tex\latex\base\inputen
c.sty"
Package: inputenc 2018/04/06 v1.3b Input encoding file
\inpenc@prehook=\toks17
\inpenc@posthook=\toks18

("C:\Users\BOUILLETEAU\AppData\Local\Programs\MiKTeX 2.9\tex\latex\base\latin1.
def"
File: latin1.def 2018/04/06 v1.3b Input encoding file
))
("C:\Users\BOUILLETEAU\AppData\Local\Programs\MiKTeX 2.9\tex\latex\base\fontenc
.sty"
Package: fontenc 2017/04/05 v2.0i Standard LaTeX package

("C:\Users\BOUILLETEAU\AppData\Local\Programs\MiKTeX 2.9\tex\latex\base\t1enc.d
ef"
File: t1enc.def 2017/04/05 v2.0i Standard LaTeX file
LaTeX Font Info:    Redeclaring font encoding T1 on input line 48.
))
("C:\Users\BOUILLETEAU\AppData\Local\Programs\MiKTeX 2.9\tex\latex\tools\enumer
ate.sty"
Package: enumerate 2015/07/23 v3.00 enumerate extensions (DPC)
\@enLab=\toks19
)
("C:\Users\BOUILLETEAU\AppData\Local\Programs\MiKTeX 2.9\tex\latex\amsmath\amsm
ath.sty"
Package: amsmath 2017/09/02 v2.17a AMS math features
\@mathmargin=\skip49

For additional information on amsmath, use the `?' option.

("C:\Users\BOUILLETEAU\AppData\Local\Programs\MiKTeX 2.9\tex\latex\amsmath\amst
ext.sty"
Package: amstext 2000/06/29 v2.01 AMS text

("C:\Users\BOUILLETEAU\AppData\Local\Programs\MiKTeX 2.9\tex\latex\amsmath\amsg
en.sty"
File: amsgen.sty 1999/11/30 v2.0 generic functions
\@emptytoks=\toks20
\ex@=\dimen129
))
("C:\Users\BOUILLETEAU\AppData\Local\Programs\MiKTeX 2.9\tex\latex\amsmath\amsb
sy.sty"
Package: amsbsy 1999/11/29 v1.2d Bold Symbols
\pmbraise@=\dimen130
)
("C:\Users\BOUILLETEAU\AppData\Local\Programs\MiKTeX 2.9\tex\latex\amsmath\amso
pn.sty"
Package: amsopn 2016/03/08 v2.02 operator names
)
\inf@bad=\count134
LaTeX Info: Redefining \frac on input line 213.
\uproot@=\count135
\leftroot@=\count136
LaTeX Info: Redefining \overline on input line 375.
\classnum@=\count137
\DOTSCASE@=\count138
LaTeX Info: Redefining \ldots on input line 472.
LaTeX Info: Redefining \dots on input line 475.
LaTeX Info: Redefining \cdots on input line 596.
\Mathstrutbox@=\box30
\strutbox@=\box31
\big@size=\dimen131
LaTeX Font Info:    Redeclaring font encoding OML on input line 712.
LaTeX Font Info:    Redeclaring font encoding OMS on input line 713.
\macc@depth=\count139
\c@MaxMatrixCols=\count140
\dotsspace@=\muskip11
\c@parentequation=\count141
\dspbrk@lvl=\count142
\tag@help=\toks21
\row@=\count143
\column@=\count144
\maxfields@=\count145
\andhelp@=\toks22
\eqnshift@=\dimen132
\alignsep@=\dimen133
\tagshift@=\dimen134
\tagwidth@=\dimen135
\totwidth@=\dimen136
\lineht@=\dimen137
\@envbody=\toks23
\multlinegap=\skip50
\multlinetaggap=\skip51
\mathdisplay@stack=\toks24
LaTeX Info: Redefining \[ on input line 2817.
LaTeX Info: Redefining \] on input line 2818.
)
("C:\Users\BOUILLETEAU\AppData\Local\Programs\MiKTeX 2.9\tex\latex\amsfonts\ams
symb.sty"
Package: amssymb 2013/01/14 v3.01 AMS font symbols

("C:\Users\BOUILLETEAU\AppData\Local\Programs\MiKTeX 2.9\tex\latex\amsfonts\ams
fonts.sty"
Package: amsfonts 2013/01/14 v3.01 Basic AMSFonts support
\symAMSa=\mathgroup4
\symAMSb=\mathgroup5
LaTeX Font Info:    Overwriting math alphabet `\mathfrak' in version `bold'
(Font)                  U/euf/m/n --> U/euf/b/n on input line 106.
))
("C:\Users\BOUILLETEAU\AppData\Local\Programs\MiKTeX 2.9\tex\latex\algorithms\a
lgorithm.sty"
Package: algorithm 2009/08/24 v0.1 Document Style `algorithm' - floating enviro
nment

("C:\Users\BOUILLETEAU\AppData\Local\Programs\MiKTeX 2.9\tex\latex\float\float.
sty"
Package: float 2001/11/08 v1.3d Float enhancements (AL)
\c@float@type=\count146
\float@exts=\toks25
\float@box=\box32
\@float@everytoks=\toks26
\@floatcapt=\box33
)
\@float@every@algorithm=\toks27
\c@algorithm=\count147
)
("C:\Users\BOUILLETEAU\AppData\Local\Programs\MiKTeX 2.9\tex\latex\listings\lis
tings.sty"
\lst@mode=\count148
\lst@gtempboxa=\box34
\lst@token=\toks28
\lst@length=\count149
\lst@currlwidth=\dimen138
\lst@column=\count150
\lst@pos=\count151
\lst@lostspace=\dimen139
\lst@width=\dimen140
\lst@newlines=\count152
\lst@lineno=\count153
\lst@maxwidth=\dimen141

("C:\Users\BOUILLETEAU\AppData\Local\Programs\MiKTeX 2.9\tex\latex\listings\lst
misc.sty"
File: lstmisc.sty 2018/09/02 1.7 (Carsten Heinz)
\c@lstnumber=\count154
\lst@skipnumbers=\count155
\lst@framebox=\box35
)
("C:\Users\BOUILLETEAU\AppData\Local\Programs\MiKTeX 2.9\tex\latex\listings\lis
tings.cfg"
File: listings.cfg 2018/09/02 1.7 listings configuration
))
Package: listings 2018/09/02 1.7 (Carsten Heinz)

("C:\Users\BOUILLETEAU\AppData\Local\Programs\MiKTeX 2.9\tex\latex\algorithms\a
lgorithmic.sty"
Package: algorithmic 2009/08/24 v0.1 Document Style `algorithmic'
\c@ALC@unique=\count156
\c@ALC@line=\count157
\c@ALC@rem=\count158
\c@ALC@depth=\count159
\ALC@tlm=\skip52
\algorithmicindent=\skip53
)
("C:\Users\BOUILLETEAU\AppData\Local\Programs\MiKTeX 2.9\tex\latex\amscls\amsth
m.sty"
Package: amsthm 2017/10/31 v2.20.4
\thm@style=\toks29
\thm@bodyfont=\toks30
\thm@headfont=\toks31
\thm@notefont=\toks32
\thm@headpunct=\toks33
\thm@preskip=\skip54
\thm@postskip=\skip55
\thm@headsep=\skip56
\dth@everypar=\toks34
)
\c@theoreme=\count160
\c@preuve=\count161
 (rapport.aux

LaTeX Warning: Label `fig:DP-NMS' multiply defined.

)
\openout1 = `rapport.aux'.

LaTeX Font Info:    Checking defaults for OML/cmm/m/it on input line 44.
LaTeX Font Info:    ... okay on input line 44.
LaTeX Font Info:    Checking defaults for T1/cmr/m/n on input line 44.
LaTeX Font Info:    ... okay on input line 44.
LaTeX Font Info:    Checking defaults for OT1/cmr/m/n on input line 44.
LaTeX Font Info:    ... okay on input line 44.
LaTeX Font Info:    Checking defaults for OMS/cmsy/m/n on input line 44.
LaTeX Font Info:    ... okay on input line 44.
LaTeX Font Info:    Checking defaults for OMX/cmex/m/n on input line 44.
LaTeX Font Info:    ... okay on input line 44.
LaTeX Font Info:    Checking defaults for U/cmr/m/n on input line 44.
LaTeX Font Info:    ... okay on input line 44.
LaTeX Font Info:    Checking defaults for PD1/pdf/m/n on input line 44.
LaTeX Font Info:    ... okay on input line 44.
LaTeX Font Info:    Try loading font information for T1+ptm on input line 44.

("C:\Users\BOUILLETEAU\AppData\Local\Programs\MiKTeX 2.9\tex\latex\psnfss\t1ptm
.fd"
File: t1ptm.fd 2001/06/04 font definitions for T1/ptm.
)
("C:\Users\BOUILLETEAU\AppData\Local\Programs\MiKTeX 2.9\tex\context\base\supp-
pdf.mkii"
[Loading MPS to PDF converter (version 2006.09.02).]
\scratchcounter=\count162
\scratchdimen=\dimen142
\scratchbox=\box36
\nofMPsegments=\count163
\nofMParguments=\count164
\everyMPshowfont=\toks35
\MPscratchCnt=\count165
\MPscratchDim=\dimen143
\MPnumerator=\count166
\makeMPintoPDFobject=\count167
\everyMPtoPDFconversion=\toks36
)
("C:\Users\BOUILLETEAU\AppData\Local\Programs\MiKTeX 2.9\tex\latex\oberdiek\eps
topdf-base.sty"
Package: epstopdf-base 2016/05/15 v2.6 Base part for package epstopdf

("C:\Users\BOUILLETEAU\AppData\Local\Programs\MiKTeX 2.9\tex\latex\oberdiek\grf
ext.sty"
Package: grfext 2016/05/16 v1.2 Manage graphics extensions (HO)
)
Package epstopdf-base Info: Redefining graphics rule for `.eps' on input line 4
38.
Package grfext Info: Graphics extension search list:
(grfext)             [.pdf,.png,.jpg,.mps,.jpeg,.jbig2,.jb2,.PDF,.PNG,.JPG,.JPE
G,.JBIG2,.JB2,.eps]
(grfext)             \AppendGraphicsExtensions on input line 456.
)
*geometry* driver: auto-detecting
*geometry* detected driver: pdftex
*geometry* verbose mode - [ preamble ] result:
* driver: pdftex
* paper: screen
* layout: <same size as paper>
* layoutoffset:(h,v)=(0.0pt,0.0pt)
* modes: 
* h-part:(L,W,R)=(42.67912pt, 526.37599pt, 71.13188pt)
* v-part:(T,H,B)=(42.67912pt, 426.79135pt, 42.67912pt)
* \paperwidth=640.187pt
* \paperheight=512.1496pt
* \textwidth=526.37599pt
* \textheight=426.79135pt
* \oddsidemargin=-29.59087pt
* \evensidemargin=-29.59087pt
* \topmargin=-66.59087pt
* \headheight=12.0pt
* \headsep=25.0pt
* \topskip=11.0pt
* \footskip=30.0pt
* \marginparwidth=4.0pt
* \marginparsep=10.0pt
* \columnsep=27.37506pt
* \skip\footins=10.0pt plus 4.0pt minus 2.0pt
* \hoffset=0.0pt
* \voffset=0.0pt
* \mag=1000
* \@twocolumntrue
* \@twosidefalse
* \@mparswitchfalse
* \@reversemarginfalse
* (1in=72.27pt=25.4mm, 1cm=28.453pt)

\AtBeginShipoutBox=\box37
Package hyperref Info: Link coloring ON on input line 44.

("C:\Users\BOUILLETEAU\AppData\Local\Programs\MiKTeX 2.9\tex\latex\hyperref\nam
eref.sty"
Package: nameref 2016/05/21 v2.44 Cross-referencing by name of section

("C:\Users\BOUILLETEAU\AppData\Local\Programs\MiKTeX 2.9\tex\generic\oberdiek\g
ettitlestring.sty"
Package: gettitlestring 2016/05/16 v1.5 Cleanup title references (HO)
)
\c@section@level=\count168
)
LaTeX Info: Redefining \ref on input line 44.
LaTeX Info: Redefining \pageref on input line 44.
LaTeX Info: Redefining \nameref on input line 44.
 (rapport.out) (rapport.out)
\@outlinefile=\write4
\openout4 = `rapport.out'.

LaTeX Info: Redefining \degres on input line 44.
LaTeX Info: Redefining \dots on input line 44.
LaTeX Info: Redefining \up on input line 44.
\c@lstlisting=\count169
LaTeX Font Info:    Font shape `T1/ptm/bx/n' in size <10.95> not available
(Font)              Font shape `T1/ptm/b/n' tried instead on input line 75.
LaTeX Font Info:    Try loading font information for OMS+ptm on input line 81.

("C:\Users\BOUILLETEAU\AppData\Local\Programs\MiKTeX 2.9\tex\latex\psnfss\omspt
m.fd"
File: omsptm.fd 
)
LaTeX Font Info:    Font shape `OMS/ptm/m/n' in size <10> not available
(Font)              Font shape `OMS/cmsy/m/n' tried instead on input line 81.
LaTeX Font Info:    Try loading font information for U+msa on input line 110.

("C:\Users\BOUILLETEAU\AppData\Local\Programs\MiKTeX 2.9\tex\latex\amsfonts\ums
a.fd"
File: umsa.fd 2013/01/14 v3.01 AMS symbols A
)
LaTeX Font Info:    Try loading font information for U+msb on input line 110.

("C:\Users\BOUILLETEAU\AppData\Local\Programs\MiKTeX 2.9\tex\latex\amsfonts\ums
b.fd"
File: umsb.fd 2013/01/14 v3.01 AMS symbols B
)
<logos/PolytechNantes-vertical.pdf, id=291, 55.42506pt x 192.10057pt>
File: logos/PolytechNantes-vertical.pdf Graphic file (type pdf)
<use logos/PolytechNantes-vertical.pdf>
Package pdftex.def Info: logos/PolytechNantes-vertical.pdf  used on input line 
130.
(pdftex.def)             Requested size: 123.14232pt x 426.79135pt.
LaTeX Font Info:    Font shape `T1/ptm/bx/n' in size <12> not available
(Font)              Font shape `T1/ptm/b/n' tried instead on input line 130.
LaTeX Font Info:    Font shape `T1/ptm/bx/sc' in size <12> not available
(Font)              Font shape `T1/ptm/b/sc' tried instead on input line 130.
<logos/UnivNantes.pdf, id=292, 284.52798pt x 154.53624pt>
File: logos/UnivNantes.pdf Graphic file (type pdf)
<use logos/UnivNantes.pdf>
Package pdftex.def Info: logos/UnivNantes.pdf  used on input line 130.
(pdftex.def)             Requested size: 78.57756pt x 42.67912pt.
 [1


{C:/Users/BOUILLETEAU/AppData/Local/MiKTeX/2.9/pdftex/config/pdftex.map} <./log
os/PolytechNantes-vertical.pdf> <./logos/UnivNantes.pdf

pdfTeX warning: pdflatex (file ./logos/UnivNantes.pdf): PDF inclusion: multiple
 pdfs with page group included in a single page
>]pdfTeX warning (ext4): destination with the same identifier (name{page.1}) ha
s been already used, duplicate ignored
<to be read again> 
                   \relax 
l.130 \maketitle
                 [1


]
LaTeX Font Info:    Font shape `T1/ptm/bx/n' in size <20.74> not available
(Font)              Font shape `T1/ptm/b/n' tried instead on input line 130.
LaTeX Font Info:    Font shape `T1/ptm/bx/n' in size <14.4> not available
(Font)              Font shape `T1/ptm/b/n' tried instead on input line 130.

Underfull \vbox (badness 10000) has occurred while \output is active []


Overfull \vbox (21.82861pt too high) has occurred while \output is active []


[2

] [3

] [4

] [5

]
LaTeX Font Info:    Font shape `T1/ptm/bx/n' in size <24.88> not available
(Font)              Font shape `T1/ptm/b/n' tried instead on input line 152.
 (rapport.toc [6


] [7])
\tf@toc=\write5
\openout5 = `rapport.toc'.

 [8] [9



]
Chapitre 1.
LaTeX Font Info:    Font shape `OMS/ptm/m/n' in size <10.95> not available
(Font)              Font shape `OMS/cmsy/m/n' tried instead on input line 270.
[10

]
Underfull \vbox (badness 10000) has occurred while \output is active []

 [11]
Underfull \vbox (badness 7504) has occurred while \output is active []

 [12]
[13

]
Chapitre 2.

Underfull \vbox (badness 5077) has occurred while \output is active []


Underfull \vbox (badness 5077) has occurred while \output is active []

 [14

]
<Images/LeNet.png, id=449, 642.14906pt x 229.60782pt>
File: Images/LeNet.png Graphic file (type png)
<use Images/LeNet.png>
Package pdftex.def Info: Images/LeNet.png  used on input line 392.
(pdftex.def)             Requested size: 192.6462pt x 68.88287pt.

[15pdfTeX warning (ext4): destination with the same identifier (name{figure.2.1
}) has been already used, duplicate ignored

\AtBegShi@Output ...ipout \box \AtBeginShipoutBox 
                                                  \fi \fi 
l.404 
       <./Images/LeNet.png>]
<Images/R-CNN(1).png, id=459, 803.0pt x 297.11pt>
File: Images/R-CNN(1).png Graphic file (type png)
<use Images/R-CNN(1).png>
Package pdftex.def Info: Images/R-CNN(1).png  used on input line 421.
(pdftex.def)             Requested size: 240.90186pt x 89.13368pt.
<Images/R-CNN.png, id=462, 558.085pt x 499.8675pt>
File: Images/R-CNN.png Graphic file (type png)
<use Images/R-CNN.png>
Package pdftex.def Info: Images/R-CNN.png  used on input line 438.
(pdftex.def)             Requested size: 167.42679pt x 149.9614pt.

Underfull \vbox (badness 1024) has occurred while \output is active []

 [16pdfTeX warning (ext4): destination with the same identifier (name{figure.2.
2}) has been already used, duplicate ignored

\AtBegShi@Output ...ipout \box \AtBeginShipoutBox 
                                                  \fi \fi 
l.441 \end{figure}
                   <./Images/R-CNN(1).png (PNG copy)>]
<"Images/Fast R-CNN".png, id=470, 803.0pt x 325.215pt>
File: "Images/Fast R-CNN".png Graphic file (type png)
<use "Images/Fast R-CNN".png>
Package pdftex.def Info: "Images/Fast R-CNN".png  used on input line 451.
(pdftex.def)             Requested size: 240.90186pt x 97.56525pt.
 [17pdfTeX warning (ext4): destination with the same identifier (name{figure.2.
3}) has been already used, duplicate ignored

\AtBegShi@Output ...ipout \box \AtBeginShipoutBox 
                                                  \fi \fi 
l.467 
      pdfTeX warning (ext4): destination with the same identifier (name{figure.
2.4}) has been already used, duplicate ignored

\AtBegShi@Output ...ipout \box \AtBeginShipoutBox 
                                                  \fi \fi 
l.467 
       <./Images/R-CNN.png (PNG copy)> <./Images/Fast R-CNN.png (PNG copy)>]
<"Images/Faster R-CNN".png, id=479, 803.0pt x 809.0225pt>
File: "Images/Faster R-CNN".png Graphic file (type png)
<use "Images/Faster R-CNN".png>
Package pdftex.def Info: "Images/Faster R-CNN".png  used on input line 474.
(pdftex.def)             Requested size: 240.90186pt x 242.70862pt.
<"Images/YOLO".png, id=481, 803.0pt x 525.965pt>
File: "Images/YOLO".png Graphic file (type png)
<use "Images/YOLO".png>
Package pdftex.def Info: "Images/YOLO".png  used on input line 497.
(pdftex.def)             Requested size: 240.90186pt x 157.79071pt.

Underfull \hbox (badness 1237) in paragraph at lines 498--498
[]\T1/ptm/m/sc/10.95 Figure \T1/ptm/m/n/10.95 2.6 : []YOLO (Source : << \T1/ptm
/m/it/10.95 Gra-phics in You
 []

[18pdfTeX warning (ext4): destination with the same identifier (name{figure.2.5
}) has been already used, duplicate ignored

\AtBegShi@Output ...ipout \box \AtBeginShipoutBox 
                                                  \fi \fi 
l.507 
       <./Images/Faster R-CNN.png (PNG copy)>] [19pdfTeX warning (ext4): destin
ation with the same identifier (name{figure.2.6}) has been already used, duplic
ate ignored

\AtBegShi@Output ...ipout \box \AtBeginShipoutBox 
                                                  \fi \fi 
l.527 
       <./Images/YOLO.png (PNG copy)>]
<"Images/DP-NMS".png, id=499, 312.41719pt x 164.86594pt>
File: "Images/DP-NMS".png Graphic file (type png)
<use "Images/DP-NMS".png>
Package pdftex.def Info: "Images/DP-NMS".png  used on input line 537.
(pdftex.def)             Requested size: 187.45175pt x 98.9203pt.
<"Images/LP2D".png, id=501, 331.99031pt x 314.67563pt>
File: "Images/LP2D".png Graphic file (type png)
<use "Images/LP2D".png>
Package pdftex.def Info: "Images/LP2D".png  used on input line 544.
(pdftex.def)             Requested size: 132.79376pt x 125.86801pt.
 [20pdfTeX warning (ext4): destination with the same identifier (name{figure.2.
7}) has been already used, duplicate ignored

\AtBegShi@Output ...ipout \box \AtBeginShipoutBox 
                                                  \fi \fi 
l.558 
       <./Images/DP-NMS.png>]
<"Images/LINF1".png, id=517, 444.15938pt x 149.8097pt>
File: "Images/LINF1".png Graphic file (type png)
<use "Images/LINF1".png>
Package pdftex.def Info: "Images/LINF1".png  used on input line 566.
(pdftex.def)             Requested size: 222.07913pt x 74.90465pt.
<"Images/MHT-DAM".png, id=519, 603.75563pt x 125.71968pt>
File: "Images/MHT-DAM".png Graphic file (type png)
<use "Images/MHT-DAM".png>
Package pdftex.def Info: "Images/MHT-DAM".png  used on input line 573.
(pdftex.def)             Requested size: 241.49797pt x 50.28697pt.
 [21pdfTeX warning (ext4): destination with the same identifier (name{figure.2.
8}) has been already used, duplicate ignored

\AtBegShi@Output ...ipout \box \AtBeginShipoutBox 
                                                  \fi \fi 
l.577 	\item o
              ICF \cite{oICF} : modèle d'apparence de fonction de canaux int...
pdfTeX warning (ext4): destination with the same identifier (name{figure.2.9}) 
has been already used, duplicate ignored

\AtBegShi@Output ...ipout \box \AtBeginShipoutBox 
                                                  \fi \fi 
l.577 	\item o
              ICF \cite{oICF} : modèle d'apparence de fonction de canaux int...
 <./Images/LP2D.png> <./Images/LINF1.png>]
<"Images/oICF".png, id=531, 594.72188pt x 310.91156pt>
File: "Images/oICF".png Graphic file (type png)
<use "Images/oICF".png>
Package pdftex.def Info: "Images/oICF".png  used on input line 580.
(pdftex.def)             Requested size: 237.88454pt x 124.36241pt.
<"Images/NOMT".png, id=533, 621.07031pt x 171.64125pt>
File: "Images/NOMT".png Graphic file (type png)
<use "Images/NOMT".png>
Package pdftex.def Info: "Images/NOMT".png  used on input line 587.
(pdftex.def)             Requested size: 248.42372pt x 68.65527pt.
<"Images/MDPNN16".png, id=535, 444.15938pt x 243.15843pt>
File: "Images/MDPNN16".png Graphic file (type png)
<use "Images/MDPNN16".png>
Package pdftex.def Info: "Images/MDPNN16".png  used on input line 595.
(pdftex.def)             Requested size: 177.6606pt x 97.26164pt.
<"Images/JMC".png, id=537, 403.5075pt x 161.10187pt>
File: "Images/JMC".png Graphic file (type png)
<use "Images/JMC".png>
Package pdftex.def Info: "Images/JMC".png  used on input line 602.
(pdftex.def)             Requested size: 201.75325pt x 80.55074pt.
 [22pdfTeX warning (ext4): destination with the same identifier (name{figure.2.
10}) has been already used, duplicate ignored

\AtBegShi@Output ...ipout \box \AtBeginShipoutBox 
                                                  \fi \fi 
l.616 E
       lle utilise la méthode de détection Faster Region CNN \cite{FasterRCN...
pdfTeX warning (ext4): destination with the same identifier (name{figure.2.11})
 has been already used, duplicate ignored

\AtBegShi@Output ...ipout \box \AtBeginShipoutBox 
                                                  \fi \fi 
l.616 E
       lle utilise la méthode de détection Faster Region CNN \cite{FasterRCN...
pdfTeX warning (ext4): destination with the same identifier (name{figure.2.12})
 has been already used, duplicate ignored

\AtBegShi@Output ...ipout \box \AtBeginShipoutBox 
                                                  \fi \fi 
l.616 E
       lle utilise la méthode de détection Faster Region CNN \cite{FasterRCN...
 <./Images/MHT-DAM.png> <./Images/oICF.png> <./Images/NOMT.png>]
Underfull \vbox (badness 6978) has occurred while \output is active []

 [23pdfTeX warning (ext4): destination with the same identifier (name{figure.2.
13}) has been already used, duplicate ignored

\AtBegShi@Output ...ipout \box \AtBeginShipoutBox 
                                                  \fi \fi 
l.630 
      pdfTeX warning (ext4): destination with the same identifier (name{figure.
2.14}) has been already used, duplicate ignored

\AtBegShi@Output ...ipout \box \AtBeginShipoutBox 
                                                  \fi \fi 
l.630 
       <./Images/MDPNN16.png> <./Images/JMC.png>]
Underfull \hbox (badness 1005) in paragraph at lines 631--632
[]\T1/ptm/m/n/10.95 Les cri-tères d'éva-lua-tions des pro-po-si-tions re-te-nus

 []

[24]
Underfull \vbox (badness 5893) has occurred while \output is active []

LaTeX Font Info:    Font shape `T1/ptm/bx/it' in size <10.95> not available
(Font)              Font shape `T1/ptm/b/it' tried instead on input line 744.
LaTeX Font Info:    Try loading font information for T1+pcr on input line 746.

("C:\Users\BOUILLETEAU\AppData\Local\Programs\MiKTeX 2.9\tex\latex\psnfss\t1pcr
.fd"
File: t1pcr.fd 2001/06/04 font definitions for T1/pcr.
)
Underfull \vbox (badness 6477) has occurred while \output is active []

 [25]
Underfull \hbox (badness 1117) in paragraph at lines 776--777
\T1/ptm/m/n/10.95 La pro-po-si-tion est codé en c++ ce qui per-met une
 []


Underfull \hbox (badness 10000) in paragraph at lines 776--777
\T1/pcr/m/n/10.95 samuelmurray / tracking-[]by-[]detection$[][] \T1/ptm/m/n/10.
95 en
 []

<"Images/EnKCF".png, id=590, 509.65407pt x 158.09062pt>
File: "Images/EnKCF".png Graphic file (type png)
<use "Images/EnKCF".png>
Package pdftex.def Info: "Images/EnKCF".png  used on input line 794.
(pdftex.def)             Requested size: 254.8264pt x 79.0451pt.

Overfull \hbox (5.32594pt too wide) in paragraph at lines 794--795
 [][] 
 []

[26]
Underfull \hbox (badness 10000) in paragraph at lines 809--810
[][]$\T1/pcr/m/n/10.95 https : / / github . com / buzkent86 / EnKCF _
 []


Underfull \vbox (badness 10000) has occurred while \output is active []

 [27pdfTeX warning (ext4): destination with the same identifier (name{figure.2.
15}) has been already used, duplicate ignored

\AtBegShi@Output ...ipout \box \AtBeginShipoutBox 
                                                  \fi \fi 
l.881 
       <./Images/EnKCF.png>] [28pdfTeX warning (ext4): destination with the sam
e identifier (name{table.2.1}) has been already used, duplicate ignored

\AtBegShi@Output ...ipout \box \AtBeginShipoutBox 
                                                  \fi \fi 
l.881 
      pdfTeX warning (ext4): destination with the same identifier (name{table.2
.2}) has been already used, duplicate ignored

\AtBegShi@Output ...ipout \box \AtBeginShipoutBox 
                                                  \fi \fi 
l.881 
      ] [29

]
Chapitre 3.

Underfull \vbox (badness 10000) has occurred while \output is active []

 [30

]
(rapport.bbl (rapport.brf)
\tf@brf=\write6
\openout6 = `rapport.brf'.

 [31

]
Underfull \hbox (badness 1173) in paragraph at lines 7--7
[]\T1/ptm/m/n/10.95 Y. Ban ; S. Ba ; X. Alameda-Pined and
 []


Underfull \hbox (badness 2726) in paragraph at lines 49--49
[]\T1/ptm/m/n/10.95 B. Hei-sele and C. Wöh-ler.  Motion-
 []


Underfull \hbox (badness 10000) in paragraph at lines 55--55
[]\T1/ptm/m/n/10.95 Loïc Fagot-BouquetRomaric Au-di-gie-
 []


Underfull \hbox (badness 10000) in paragraph at lines 55--55
\T1/ptm/m/n/10.95 rYoann Dho-meYoann Dho-me-Fré-dé-ric
 []


Underfull \hbox (badness 3942) in paragraph at lines 55--55
\T1/ptm/m/n/10.95 Le-rasle.  Im-pro-ving multi-frame data
 []


Underfull \hbox (badness 1803) in paragraph at lines 55--55
\T1/ptm/m/n/10.95 ro-bust near-online multi-object tra-cking.
 []


Underfull \hbox (badness 1337) in paragraph at lines 62--62
[]\T1/ptm/m/n/10.95 Konrad Schind-ler ; Da-niel Cre-mers ; Ian
 []

[32

]
Underfull \hbox (badness 10000) in paragraph at lines 94--94
[]\T1/ptm/m/n/10.95 Laura Leal-Taixé ; Ge-rard Pons-
 []


Underfull \hbox (badness 5231) in paragraph at lines 94--94
\T1/ptm/m/n/10.95 Moll ; Bodo Ro-sen-hahn.  Eve-ry-body
 []


Underfull \hbox (badness 1325) in paragraph at lines 94--94
\T1/ptm/m/n/10.95 needs so-me-body : Mo-de-ling so-cial and
 []


Underfull \hbox (badness 10000) in paragraph at lines 131--131
\T1/ptm/m/n/10.95 target tra-cking by discrete-continuous
 []


Underfull \hbox (badness 1077) in paragraph at lines 138--138
[]\T1/ptm/m/n/10.95 Shaoqing Ren ; Kai-ming He ; Ross Gir-
 []

[33]) [34

] (rapport.lof [35


])
\tf@lof=\write7
\openout7 = `rapport.lof'.

 [36] (rapport.lot)
\tf@lot=\write8
\openout8 = `rapport.lot'.

 [37



]
Annexe A.

Underfull \hbox (badness 1194) in paragraph at lines 1417--1417
[]\T1/ptm/b/n/14.4 Detecting and Tra-cking of Mul-
 []


Underfull \hbox (badness 10000) in paragraph at lines 1423--1433

 []


Underfull \hbox (badness 1924) in paragraph at lines 1423--1433
\T1/ptm/b/n/10.95 Université \T1/ptm/m/n/10.95 : Za-ga-zig Uni-ver-sity et Elaz
-har Uni-ver-
 []


Underfull \hbox (badness 10000) in paragraph at lines 1423--1433

 []


Underfull \hbox (badness 1466) in paragraph at lines 1423--1433
\T1/ptm/b/n/10.95 Journal \T1/ptm/m/n/10.95 : In-ter-na-tio-nal Jour-nal of Com
-pu-ter Ap-pli-
 []


Underfull \hbox (badness 10000) in paragraph at lines 1423--1433

 []


Underfull \hbox (badness 10000) in paragraph at lines 1423--1433

 []


Underfull \hbox (badness 7869) in paragraph at lines 1423--1433
\T1/ptm/b/n/10.95 Termes gé-né-raux \T1/ptm/m/n/10.95 : Vi-deo Pro-ces-sing, Co
m-pu-ter
 []


Underfull \hbox (badness 10000) in paragraph at lines 1423--1433

 []


Underfull \hbox (badness 5519) in paragraph at lines 1423--1433
\T1/ptm/b/n/10.95 Mots Clés \T1/ptm/m/n/10.95 : Vi-deo Pro-ces-sing, Hu-man de-
tec-tion
 []


Underfull \hbox (badness 10000) in paragraph at lines 1423--1433

 []


Underfull \hbox (badness 10000) in paragraph at lines 1423--1433
\T1/ptm/b/n/10.95 Lien \T1/ptm/m/n/10.95 : [][]$\T1/pcr/m/n/10.95 http : / / ci
teseerx . ist . psu . edu /
 []


Underfull \hbox (badness 10000) in paragraph at lines 1423--1433
\T1/pcr/m/n/10.95 viewdoc / download ? doi = 10 . 1 . 1 . 695 . 6435 &
 []

[38


]
Underfull \hbox (badness 3503) in paragraph at lines 1454--1454
[]\T1/ptm/b/n/14.4 Rapid ob-ject de-tec-tion using a
 []


Underfull \vbox (badness 1275) has occurred while \output is active []

 [39]
Underfull \hbox (badness 10000) in paragraph at lines 1460--1464

 []


Underfull \hbox (badness 2080) in paragraph at lines 1460--1464
\T1/ptm/b/n/10.95 Conférence \T1/ptm/m/n/10.95 : Confe-rence on Com-pu-ter Vi-s
ion and
 []


Underfull \hbox (badness 10000) in paragraph at lines 1460--1464

 []


Underfull \hbox (badness 10000) in paragraph at lines 1460--1464

 []


Underfull \hbox (badness 10000) in paragraph at lines 1460--1464
\T1/ptm/b/n/10.95 Lien \T1/ptm/m/n/10.95 : [][]$\T1/pcr/m/n/10.95 https : / / i
eeexplore . ieee . org /
 []

[40]
Underfull \hbox (badness 1132) in paragraph at lines 1492--1492
[]\T1/ptm/b/n/14.4 You Only Look Once : Uni-fied,
 []


Underfull \hbox (badness 2913) in paragraph at lines 1498--1506
\T1/ptm/b/n/10.95 Auteurs \T1/ptm/m/n/10.95 : Jo-seph Red-mon, San-tosh Div-val
a, Ross
 []


Underfull \hbox (badness 10000) in paragraph at lines 1498--1506

 []


Underfull \hbox (badness 10000) in paragraph at lines 1498--1506

 []


Underfull \hbox (badness 10000) in paragraph at lines 1498--1506

 []


Underfull \hbox (badness 10000) in paragraph at lines 1498--1506

 []


Underfull \hbox (badness 10000) in paragraph at lines 1508--1512

 []


Underfull \hbox (badness 10000) in paragraph at lines 1508--1512

 []


Underfull \hbox (badness 4647) in paragraph at lines 1508--1512
\T1/ptm/m/n/10.95 Ross Gir-shick est cher-cheur à Fa-ce-book AI Re-
 []


Underfull \hbox (badness 10000) in paragraph at lines 1508--1512

 []


Underfull \hbox (badness 3396) in paragraph at lines 1508--1512
\T1/ptm/m/n/10.95 Ali Fa-rhadi est pro-fes-seur as-so-cié au dé-par-te-ment
 []


Underfull \vbox (badness 10000) has occurred while \output is active []

 [41]
Underfull \hbox (badness 1448) in paragraph at lines 1517--1521
\T1/ptm/m/n/10.95 d'ob-jets dans un seul ré-seau. Le ré-seau uti-lise des
 []


Underfull \hbox (badness 10000) in paragraph at lines 1517--1521

 []


Underfull \hbox (badness 6252) in paragraph at lines 1517--1521
\T1/ptm/m/n/10.95 L'algorithme va sé-pa-rer l'image d'en-trée en une
 []


Underfull \hbox (badness 10000) in paragraph at lines 1517--1521

 []


Underfull \vbox (badness 4279) has occurred while \output is active []

 [42]
Underfull \hbox (badness 10000) in paragraph at lines 1532--1532
[]\T1/ptm/b/n/14.4 REAL-TIME MUL-TIPLE
 []


Underfull \hbox (badness 10000) in paragraph at lines 1532--1532
\T1/ptm/b/n/14.4 PEOPLE TRA-CKING WITH
 []


Underfull \hbox (badness 10000) in paragraph at lines 1532--1532
\T1/ptm/b/n/14.4 DEE-PLY LEAR-NED CAN-DI-
 []


Underfull \hbox (badness 1552) in paragraph at lines 1532--1532
\T1/ptm/b/n/14.4 DATE SE-LEC-TION AND PER-
 []


Underfull \hbox (badness 10000) in paragraph at lines 1537--1543

 []


Underfull \hbox (badness 10000) in paragraph at lines 1537--1543

 []


Underfull \hbox (badness 10000) in paragraph at lines 1537--1543

 []


Underfull \hbox (badness 10000) in paragraph at lines 1537--1543

 []


Underfull \hbox (badness 1383) in paragraph at lines 1537--1543
\T1/ptm/b/n/10.95 Lien vers le do-cu-ment \T1/ptm/m/n/10.95 : [][]$\T1/pcr/m/n/
10.95 https : / / arxiv . org /
 []


Underfull \hbox (badness 10000) in paragraph at lines 1553--1556

 []


Underfull \hbox (badness 10000) in paragraph at lines 1553--1556

 []


Underfull \hbox (badness 1072) in paragraph at lines 1553--1556
\T1/ptm/m/n/10.95 Pendant la pro-cé-dure d'en-trai-ne-ment de leur ré-seau,
 []


Underfull \hbox (badness 1122) in paragraph at lines 1553--1556
\T1/ptm/m/n/10.95 comme des exemples né-ga-tifs. De cette ma-nière, le
 []


Underfull \hbox (badness 10000) in paragraph at lines 1553--1556

 []


Underfull \hbox (badness 10000) in paragraph at lines 1553--1556

 []

[43]
Underfull \hbox (badness 10000) in paragraph at lines 1561--1564

 []


Underfull \hbox (badness 10000) in paragraph at lines 1572--1577

 []


Underfull \hbox (badness 1721) in paragraph at lines 1572--1577
\T1/ptm/m/n/10.95 Ensuite, ils as-so-cient les can-di-dats res-tant avec les
 []


Underfull \hbox (badness 10000) in paragraph at lines 1572--1577

 []


Underfull \hbox (badness 3815) in paragraph at lines 1572--1577
\T1/ptm/m/n/10.95 Ensuite, les nou-velles traces sont ini-tia-li-sées avec
 []


Underfull \hbox (badness 10000) in paragraph at lines 1572--1577

 []


Underfull \hbox (badness 2181) in paragraph at lines 1572--1577
\T1/ptm/m/n/10.95 Avec l'as-so-cia-tion de don-nées hié-rar-chique, ils ont
 []


Underfull \hbox (badness 1325) in paragraph at lines 1572--1577
\T1/ptm/m/n/10.95 seule-ment be-soin d'ex-traire les fonc-tion-na-li-tés ReID
 []


Underfull \hbox (badness 1603) in paragraph at lines 1572--1577
\T1/ptm/m/n/10.95 com-bi-nant cela avec l'an-cienne fonc-tion de sco-ring
 []

[44]
Underfull \hbox (badness 1281) in paragraph at lines 1579--1582
\T1/ptm/m/n/10.95 Ils uti-lisent Squee-ze-Net [16], la couche cen-trale de
 []


Underfull \hbox (badness 10000) in paragraph at lines 1579--1582

 []


Underfull \hbox (badness 10000) in paragraph at lines 1579--1582

 []


Underfull \hbox (badness 1072) in paragraph at lines 1579--1582
\T1/ptm/m/n/10.95 Les don-nées de for-ma-tion pour la clas-si-fi-ca-tion des
 []


Underfull \hbox (badness 1275) in paragraph at lines 1584--1589
\T1/ptm/m/n/10.95 Cet ar-ticle ex-plique une mé-thode en temps réel de
 []


Underfull \hbox (badness 1210) in paragraph at lines 1584--1589
\T1/ptm/m/n/10.95 dé-tec-tion de per-sonne en uti-li-sant une in-fra-struc-ture

 []


Underfull \hbox (badness 10000) in paragraph at lines 1584--1589

 []


Underfull \hbox (badness 10000) in paragraph at lines 1584--1589

 []


Underfull \hbox (badness 10000) in paragraph at lines 1584--1589

 []


Underfull \hbox (badness 1210) in paragraph at lines 1584--1589
\T1/ptm/m/n/10.95 Ils amé-liorent la ca-pa-cité d'iden-ti-fi-ca-tion des oc-clu
-
 []


Underfull \hbox (badness 2020) in paragraph at lines 1584--1589
\T1/ptm/m/n/10.95 sions en in-tro-dui-sant les fonc-tion-na-li-tés ReID pour
 []


Underfull \hbox (badness 10000) in paragraph at lines 1584--1589

 []


Underfull \hbox (badness 1163) in paragraph at lines 1584--1589
\T1/ptm/m/n/10.95 Pour conclure, le tra-queur pro-posé per-met d'ob-te-nir
 []


Underfull \hbox (badness 1331) in paragraph at lines 1584--1589
\T1/ptm/m/n/10.95 des ré-sul-tats en temps réel et des per-for-mances de
 []


Underfull \hbox (badness 10000) in paragraph at lines 1590--1590
[]\T1/ptm/b/n/14.4 Bounding Box Em-bed-ding for
 []


Underfull \vbox (badness 10000) has occurred while \output is active []

 [45]
Underfull \hbox (badness 10000) in paragraph at lines 1595--1600

 []


Underfull \hbox (badness 10000) in paragraph at lines 1595--1600

 []


Underfull \hbox (badness 10000) in paragraph at lines 1595--1600

 []


Underfull \hbox (badness 1383) in paragraph at lines 1595--1600
\T1/ptm/b/n/10.95 Lien vers le do-cu-ment \T1/ptm/m/n/10.95 : [][]$\T1/pcr/m/n/
10.95 https : / / arxiv . org /
 []


Underfull \hbox (badness 3942) in paragraph at lines 1602--1605
\T1/ptm/m/n/10.95 OCTI, INC. L'en-tre-prise OCTI INC dé-ve-loppe la
 []


Underfull \hbox (badness 10000) in paragraph at lines 1602--1605

 []


Underfull \hbox (badness 1147) in paragraph at lines 1602--1605
\T1/ptm/m/n/10.95 en temps réel, seg-men-ta-tion d'ins-tances sé-man-tiques
 []


Underfull \hbox (badness 10000) in paragraph at lines 1602--1605

 []


Underfull \hbox (badness 10000) in paragraph at lines 1613--1614

 []


Underfull \hbox (badness 10000) in paragraph at lines 1613--1614

 []


Underfull \hbox (badness 3068) in paragraph at lines 1615--1617
\T1/ptm/m/n/10.95 Dans cet ar-ticle, les au-teurs adoptent l'ap-prochent
 []


Underfull \hbox (badness 10000) in paragraph at lines 1615--1617

 []


Underfull \hbox (badness 1484) in paragraph at lines 1615--1617
\T1/ptm/m/n/10.95 sé-man-tique, d'ajou-ter des étapes sup-plé-men-taires de
 []

[46]
Underfull \hbox (badness 10000) in paragraph at lines 1625--1627

 []


Underfull \hbox (badness 3612) in paragraph at lines 1625--1627
\T1/ptm/m/n/10.95 Pour chaque pixel, le ré-seau pré-dit les dé-ca-lages
 []


Underfull \hbox (badness 10000) in paragraph at lines 1629--1634

 []


Underfull \hbox (badness 3668) in paragraph at lines 1629--1634
\T1/ptm/m/n/10.95 Cette mé-thode n'est pas par-faite, en ef-fet, il est
 []


Underfull \hbox (badness 10000) in paragraph at lines 1629--1634

 []


Underfull \hbox (badness 1348) in paragraph at lines 1629--1634
\T1/ptm/m/n/10.95 Le point po-si-tif est que cette mé-thode est fa-cile à
 []


Underfull \hbox (badness 10000) in paragraph at lines 1629--1634

 []

[47]
Underfull \hbox (badness 10000) in paragraph at lines 1643--1645

 []

[48]
Annexe B.
<Images/DiagrammeGanttPrevisionnel.png, id=795, 1112.65688pt x 526.96875pt>
File: Images/DiagrammeGanttPrevisionnel.png Graphic file (type png)
<use Images/DiagrammeGanttPrevisionnel.png>
Package pdftex.def Info: Images/DiagrammeGanttPrevisionnel.png  used on input l
ine 1680.
(pdftex.def)             Requested size: 667.59929pt x 316.18369pt.

Overfull \hbox (141.2233pt too wide) in paragraph at lines 1680--1681
 [][] 
 []

<Images/DiagrammeGanttReel.png, id=797, 744.53156pt x 313.17pt>
File: Images/DiagrammeGanttReel.png Graphic file (type png)
<use Images/DiagrammeGanttReel.png>
Package pdftex.def Info: Images/DiagrammeGanttReel.png  used on input line 1689
.
(pdftex.def)             Requested size: 595.62605pt x 250.53633pt.

Overfull \hbox (69.25006pt too wide) in paragraph at lines 1689--1690
 [][] 
 []

[49


] [50pdfTeX warning (ext4): destination with the same identifier (name{figure.B
.1}) has been already used, duplicate ignored

\AtBegShi@Output ...ipout \box \AtBeginShipoutBox 
                                                  \fi \fi 
l.1696 \chapter
               {Fiches de suivi} <./Images/DiagrammeGanttPrevisionnel.png>]
[51pdfTeX warning (ext4): destination with the same identifier (name{figure.B.2
}) has been already used, duplicate ignored

\AtBegShi@Output ...ipout \box \AtBeginShipoutBox 
                                                  \fi \fi 
l.1696 \chapter
               {Fiches de suivi} <./Images/DiagrammeGanttReel.png>]
Annexe C.

Underfull \hbox (badness 2707) in paragraph at lines 1707--1708
[]\T1/ptm/m/n/10.95 tâche 2 : Re-for-mu-la-tion du su-jet ; dif-fi-culté :
 []

[52


] [53] [54] (report-rd-summary.tex) [55

] [56pdfTeX warning (ext4): destination with the same identifier (name{table.C.
1}) has been already used, duplicate ignored

\AtBegShi@Output ...ipout \box \AtBeginShipoutBox 
                                                  \fi \fi 
l.1924 \chapter
               {Auto-contrôle et auto-évaluation}]
Annexe D.


pdfTeX warning: pdflatex (file ./Images/Grille-Evaluation-PRD1.pdf): PDF inclus
ion: found PDF version <1.6>, but at most version <1.5> allowed
<Images/Grille-Evaluation-PRD1.pdf, id=854, 597.23125pt x 845.1575pt>
File: Images/Grille-Evaluation-PRD1.pdf Graphic file (type pdf)
<use Images/Grille-Evaluation-PRD1.pdf>
Package pdftex.def Info: Images/Grille-Evaluation-PRD1.pdf  used on input line 
1946.
(pdftex.def)             Requested size: 384.1096pt x 543.56844pt.

Overfull \hbox (17.19244pt too wide) in paragraph at lines 1946--1950
 [][] 
 []

Package atveryend Info: Empty hook `BeforeClearDocument' on input line 1972.
[57



] [58pdfTeX warning (ext4): destination with the same identifier (name{figure.D
.1}) has been already used, duplicate ignored

\AtBegShi@Output ...ipout \box \AtBeginShipoutBox 
                                                  \fi \fi 
l.1972 \end{document}
                      <./Images/Grille-Evaluation-PRD1.pdf>]
Package atveryend Info: Empty hook `AfterLastShipout' on input line 1972.
 (rapport.aux)
Package atveryend Info: Executing hook `AtVeryEndDocument' on input line 1972.
Package atveryend Info: Executing hook `AtEndAfterFileList' on input line 1972.

Package rerunfilecheck Info: File `rapport.out' has not changed.
(rerunfilecheck)             Checksum: 8D58CB1C594C9922159F8C72BE955484;5526.


Package rerunfilecheck Warning: File `rapport.brf' has changed.
(rerunfilecheck)                Rerun to get bibliographical references right.

Package rerunfilecheck Info: Checksums for `rapport.brf':
(rerunfilecheck)             Before: F12994AA63A175D52A9744B70C9B8BE2;1108
(rerunfilecheck)             After:  9B7AD11F2DA967323F320A4720319895;1108.

LaTeX Warning: There were multiply-defined labels.

Package atveryend Info: Empty hook `AtVeryVeryEnd' on input line 1972.
 ) 
Here is how much of TeX's memory you used:
 11083 strings out of 492966
 161947 string characters out of 3123745
 288614 words of memory out of 3000000
 14516 multiletter control sequences out of 15000+200000
 62725 words of font info for 67 fonts, out of 3000000 for 9000
 1141 hyphenation exceptions out of 8191
 39i,10n,37p,1134b,596s stack positions out of 5000i,500n,10000p,200000b,50000s
pdfTeX warning (dest): name{sem\\penalty\040\\@M\040\040:5} has been referenc
ed but does not exist, replaced by a fixed one

pdfTeX warning (dest): name{sem\\penalty\040\\@M\040\040:4} has been referenced
 but does not exist, replaced by a fixed one

pdfTeX warning (dest): name{sem\\penalty\040\\@M\040\040:3} has been referenced
 but does not exist, replaced by a fixed one

pdfTeX warning (dest): name{sem\\penalty\040\\@M\040\040:2} has been referenced
 but does not exist, replaced by a fixed one

pdfTeX warning (dest): name{sem\\penalty\040\\@M\040\040:1} has been referenced
 but does not exist, replaced by a fixed one

{C:/Users/BOUILLETEAU/AppData/Local/Programs/MiKTeX 2.9/fonts/enc/dvips/base/8r
.enc}<C:/Users/BOUILLETEAU/AppData/Local/Programs/MiKTeX 2.9/fonts/type1/public
/amsfonts/cm/cmex10.pfb><C:/Users/BOUILLETEAU/AppData/Local/Programs/MiKTeX 2.9
/fonts/type1/public/amsfonts/cmextra/cmex8.pfb><C:/Users/BOUILLETEAU/AppData/Lo
cal/Programs/MiKTeX 2.9/fonts/type1/public/amsfonts/cm/cmmi10.pfb><C:/Users/BOU
ILLETEAU/AppData/Local/Programs/MiKTeX 2.9/fonts/type1/public/amsfonts/cm/cmmi6
.pfb><C:/Users/BOUILLETEAU/AppData/Local/Programs/MiKTeX 2.9/fonts/type1/public
/amsfonts/cm/cmmi8.pfb><C:/Users/BOUILLETEAU/AppData/Local/Programs/MiKTeX 2.9/
fonts/type1/public/amsfonts/cm/cmr10.pfb><C:/Users/BOUILLETEAU/AppData/Local/Pr
ograms/MiKTeX 2.9/fonts/type1/public/amsfonts/cm/cmr8.pfb><C:/Users/BOUILLETEAU
/AppData/Local/Programs/MiKTeX 2.9/fonts/type1/public/amsfonts/cm/cmsy10.pfb><C
:/Users/BOUILLETEAU/AppData/Local/Programs/MiKTeX 2.9/fonts/type1/urw/courier/u
crr8a.pfb><C:/Users/BOUILLETEAU/AppData/Local/Programs/MiKTeX 2.9/fonts/type1/u
rw/times/utmb8a.pfb><C:/Users/BOUILLETEAU/AppData/Local/Programs/MiKTeX 2.9/fon
ts/type1/urw/times/utmb8a.pfb><C:/Users/BOUILLETEAU/AppData/Local/Programs/MiKT
eX 2.9/fonts/type1/urw/times/utmbi8a.pfb><C:/Users/BOUILLETEAU/AppData/Local/Pr
ograms/MiKTeX 2.9/fonts/type1/urw/times/utmr8a.pfb><C:/Users/BOUILLETEAU/AppDat
a/Local/Programs/MiKTeX 2.9/fonts/type1/urw/times/utmri8a.pfb>
Output written on rapport.pdf (59 pages, 2302527 bytes).
PDF statistics:
 981 PDF objects out of 1000 (max. 8388607)
 222 named destinations out of 1000 (max. 500000)
 677 words of extra memory for PDF output out of 10000 (max. 10000000)

